<?xml version="1.0" encoding="UTF-8"?>
<robot generator="Robot 7.0 (Python 3.10.6 on win32)" generated="2024-04-02T20:39:50.572767" rpa="false" schemaversion="5">
<suite id="s1" name="Estrutura" source="C:\Users\gheli\PycharmProjects\RobotFramework\estrutura.robot">
<test id="s1-t1" name="Cenario 1: Teste de abrir site RobotFramework" line="22">
<kw name="Abrir site">
<kw name="Open Browser" owner="SeleniumLibrary">
<msg time="2024-04-02T20:39:50.773137" level="INFO">Opening browser 'firefox' to base url 'https://docs.robotframework.org/docs/getting_started/ide#pycharm chrome'.</msg>
<arg>https://docs.robotframework.org/docs/getting_started/ide#pycharm chrome</arg>
<doc>Opens a new browser instance to the optional ``url``.</doc>
<status status="PASS" start="2024-04-02T20:39:50.773137" elapsed="8.298173"/>
</kw>
<status status="PASS" start="2024-04-02T20:39:50.772502" elapsed="8.298808"/>
</kw>
<kw name="Fechar navegador">
<kw name="Close Browser" owner="SeleniumLibrary">
<doc>Closes the current browser.</doc>
<status status="PASS" start="2024-04-02T20:39:59.073301" elapsed="2.883773"/>
</kw>
<status status="PASS" start="2024-04-02T20:39:59.072304" elapsed="2.884770"/>
</kw>
<status status="PASS" start="2024-04-02T20:39:50.771476" elapsed="11.187580"/>
</test>
<test id="s1-t2" name="Cenario 1: Teste de abrir Linkedin" line="26">
<kw name="Abrir site Linkedin">
<kw name="Open Browser" owner="SeleniumLibrary">
<msg time="2024-04-02T20:40:01.965140" level="INFO">Opening browser 'firefox' to base url 'https://www.linkedin.com/analytics/profile-views/ chrome'.</msg>
<arg>https://www.linkedin.com/analytics/profile-views/ chrome</arg>
<doc>Opens a new browser instance to the optional ``url``.</doc>
<status status="PASS" start="2024-04-02T20:40:01.964115" elapsed="7.108038"/>
</kw>
<status status="PASS" start="2024-04-02T20:40:01.963071" elapsed="7.110080"/>
</kw>
<kw name="Fechar navegador">
<kw name="Close Browser" owner="SeleniumLibrary">
<doc>Closes the current browser.</doc>
<status status="PASS" start="2024-04-02T20:40:09.086116" elapsed="3.019884"/>
</kw>
<status status="PASS" start="2024-04-02T20:40:09.086116" elapsed="3.019884"/>
</kw>
<status status="PASS" start="2024-04-02T20:40:01.962047" elapsed="10.144913"/>
</test>
<status status="PASS" start="2024-04-02T20:39:50.574629" elapsed="21.536321"/>
</suite>
<statistics>
<total>
<stat pass="2" fail="0" skip="0">All Tests</stat>
</total>
<tag>
</tag>
<suite>
<stat pass="2" fail="0" skip="0" id="s1" name="Estrutura">Estrutura</stat>
</suite>
</statistics>
<errors>
</errors>
</robot>
